make all --print-data-base --no-builtin-variables --no-builtin-rules --question
# GNU Make 4.3
# Built for x86_64-pc-linux-gnu
# Copyright (C) 1988-2020 Free Software Foundation, Inc.
# License GPLv3+: GNU GPL version 3 or later <http://gnu.org/licenses/gpl.html>
# This is free software: you are free to change and redistribute it.
# There is NO WARRANTY, to the extent permitted by law.

# Make data base, printed on Sat Apr  9 14:25:33 2022

# Variables

# environment
REMOTE_CONTAINERS_SOCKETS = ["/tmp/vscode-ssh-auth-2abd07a4b0a29bf14eaee2be527a1716e91b928c.sock"]
# environment
LC_ALL = C
# makefile (from 'Makefile', line 2)
SRC = ./tasks/3_1.cpp
# environment
VSCODE_CWD = /root/.vscode-server/bin/8dfae7a5cd50421d10cd99cb873990460525a898
# default
MAKE_COMMAND := make
# automatic
@D = $(patsubst %/,%,$(dir $@))
# environment
VSCODE_HANDLES_UNCAUGHT_ERRORS = true
# default
.VARIABLES := 
# environment
PWD = /home/sklaa00/main_course/first/algorithms/first_module/HW/3
# automatic
%D = $(patsubst %/,%,$(dir $%))
# environment
HOSTNAME = 80ce1f5168ac
# environment
XDG_DATA_DIRS = /usr/local/share:/usr/share:/var/lib/snapd/desktop
# automatic
^D = $(patsubst %/,%,$(dir $^))
# environment
VSCODE_LOG_STACK = false
# automatic
%F = $(notdir $%)
# environment
LANG = C
# default
.LOADED := 
# default
.INCLUDE_DIRS = /usr/local/include /usr/include /usr/include
# environment
GCC_MIRRORS = https://ftpmirror.gnu.org/gcc 		https://mirrors.kernel.org/gnu/gcc 		https://bigsearcher.com/mirrors/gcc/releases 		http://www.netgull.com/gcc/releases 		https://ftpmirror.gnu.org/gcc 		ftp://ftp.gnu.org/gnu/gcc
# makefile
MAKEFLAGS = pqrR
# makefile
CURDIR := /home/sklaa00/main_course/first/algorithms/first_module/HW/3
# environment
VSCODE_PIPE_LOGGING = true
# environment
APPLICATION_INSIGHTS_NO_DIAGNOSTIC_CHANNEL = 1
# automatic
*D = $(patsubst %/,%,$(dir $*))
# environment
MFLAGS = -pqrR
# environment
SSH_AUTH_SOCK = /tmp/vscode-ssh-auth-2abd07a4b0a29bf14eaee2be527a1716e91b928c.sock
# default
.SHELLFLAGS := -c
# automatic
+D = $(patsubst %/,%,$(dir $+))
# makefile (from 'Makefile', line 1)
MAKEFILE_LIST := Makefile
# automatic
@F = $(notdir $@)
# environment
VSCODE_VERBOSE_LOGGING = true
# automatic
?D = $(patsubst %/,%,$(dir $?))
# automatic
*F = $(notdir $*)
# automatic
<D = $(patsubst %/,%,$(dir $<))
# environment
VSCODE_NLS_CONFIG = {"locale":"en","availableLanguages":{}}
# default
MAKE_HOST := x86_64-pc-linux-gnu
# makefile
SHELL = /bin/sh
# default
MAKECMDGOALS := all
# environment
SHLVL = 1
# environment
MAKELEVEL := 0
# default
MAKE = $(MAKE_COMMAND)
# environment
PATH = /root/.vscode-server/bin/8dfae7a5cd50421d10cd99cb873990460525a898/bin/remote-cli:/usr/local/sbin:/usr/local/bin:/usr/sbin:/usr/bin:/sbin:/bin:/snap/bin
# default
MAKEFILES := 
# automatic
^F = $(notdir $^)
# environment
GPG_KEYS = B215C1633BCA0477615F1B35A5B3A004745C015A 	B3C42148A44E6983B3E4CC0793FA9B1AB75C61B8 	90AA470469D3965A87A5DCB494D03953902C9419 	80F98B2E0DAB6C8281BDF541A7C8C3B2F71EDF1C 	7F74F97C103468EE5D750B583AB00996FC26A641 	33C235A34C46AA3FFB293709A328C3A2C3C45C06 	D3A93CAD751C2AF4F8C7AD516C35B99309B5FA62
# environment
VSCODE_LOG_NATIVE = false
# environment
REMOTE_CONTAINERS_IPC = /tmp/vscode-remote-containers-ipc-2abd07a4b0a29bf14eaee2be527a1716e91b928c.sock
# environment
REMOTE_CONTAINERS = true
# automatic
?F = $(notdir $?)
# automatic
+F = $(notdir $+)
# 'override' directive
GNUMAKEFLAGS := 
# environment
BROWSER = /root/.vscode-server/bin/8dfae7a5cd50421d10cd99cb873990460525a898/bin/helpers/browser.sh
# environment
GCC_VERSION = 11.2.0
# makefile
.DEFAULT_GOAL := all
# default
MAKE_VERSION := 4.3
# environment
VSCODE_EXTHOST_WILL_SEND_SOCKET = true
# environment
VSCODE_AGENT_FOLDER = /root/.vscode-server
# environment
_ = /bin/cat
# environment
VSCODE_IPC_HOOK_CLI = /tmp/vscode-ipc-ddec877f-04a1-461d-bb1a-61c70c4d1468.sock
# environment
VSCODE_AMD_ENTRYPOINT = vs/workbench/api/node/extensionHostProcess
# environment
HOME = /root
# default
.RECIPEPREFIX := 
# automatic
<F = $(notdir $<)
# default
SUFFIXES := 
# makefile (from 'Makefile', line 1)
TARGET = ./task.out
# default
.FEATURES := target-specific order-only second-expansion else-if shortest-stem undefine oneshell nocomment grouped-target extra-prereqs archives jobserver output-sync check-symlink load
# variable set hash-table stats:
# Load=66/1024=6%, Rehash=0, Collisions=10/100=10%

# Pattern-specific Variable Values

# No pattern-specific variable values.

# Directories

# . (device 164, inode 166729): 7 files, no impossibilities.

# 7 files, no impossibilities in 1 directories.

# Implicit Rules

# No implicit rules.

# Files

check:
#  Phony target (prerequisite of .PHONY).
#  Implicit rule search has not been done.
#  Implicit/static pattern stem: ''
#  File does not exist.
#  File has been updated.
#  Needs to be updated (-q is set).
# automatic
# @ := check
# automatic
# * := 
# automatic
# < := 
# automatic
# + := 
# automatic
# % := 
# automatic
# ^ := 
# automatic
# ? := 
# automatic
# | := 
# variable set hash-table stats:
# Load=8/32=25%, Rehash=0, Collisions=1/12=8%
#  recipe to execute (from 'Makefile', line 9):
	./run_linters.sh $(SRC)

# Not a target:
Makefile:
#  Implicit rule search has been done.
#  Last modified 2022-04-09 14:25:30.801953
#  File has been updated.
#  Successfully updated.

memtest: build
#  Implicit rule search has not been done.
#  Modification time never checked.
#  File has not been updated.
#  recipe to execute (from 'Makefile', line 21):
	valgrind $(TARGET)
	rm .out

clean:
#  Phony target (prerequisite of .PHONY).
#  Implicit rule search has not been done.
#  File does not exist.
#  File has not been updated.
#  recipe to execute (from 'Makefile', line 18):
	rm .out

# Not a target:
.DEFAULT:
#  Implicit rule search has not been done.
#  Modification time never checked.
#  File has not been updated.

all: check build run memtest
#  Phony target (prerequisite of .PHONY).
#  Command line target.
#  Implicit rule search has not been done.
#  File does not exist.
#  File has been updated.
#  Needs to be updated (-q is set).
# variable set hash-table stats:
# Load=0/32=0%, Rehash=0, Collisions=0/4=0%

run:
#  Phony target (prerequisite of .PHONY).
#  Implicit rule search has not been done.
#  File does not exist.
#  File has not been updated.
#  recipe to execute (from 'Makefile', line 15):
	$(TARGET)

build:
#  Phony target (prerequisite of .PHONY).
#  Implicit rule search has not been done.
#  File does not exist.
#  File has not been updated.
#  recipe to execute (from 'Makefile', line 12):
	$(CXX) -g -fdiagnostics-color -Wall -Wextra -Werror -o $(TARGET) $(SRC)

# Not a target:
.SUFFIXES:
#  Implicit rule search has not been done.
#  Modification time never checked.
#  File has not been updated.

.PHONY: all check build run clean
#  Implicit rule search has not been done.
#  Modification time never checked.
#  File has not been updated.

# files hash-table stats:
# Load=10/1024=1%, Rehash=0, Collisions=0/37=0%
# VPATH Search Paths

# No 'vpath' search paths.

 
# No general ('VPATH' variable) search path.

# strcache buffers: 1 (0) / strings = 18 / storage = 147 B / avg = 8 B
# current buf: size = 8162 B / used = 147 B / count = 18 / avg = 8 B

# strcache performance: lookups = 41 / hit rate = 56%
# hash-table stats:
# Load=18/8192=0%, Rehash=0, Collisions=3/41=7%
# Finished Make data base on Sat Apr  9 14:25:33 2022

 
